<?xml version="1.0" encoding="UTF-8"?>
<testsuite xmlns:xsi="http://www.w3.org/2001/XMLSchema-instance" xsi:noNamespaceSchemaLocation="https://maven.apache.org/surefire/maven-surefire-plugin/xsd/surefire-test-report.xsd" name="com.SampleTest" time="0.03" tests="1" errors="0" skipped="0" failures="0">
  <properties>
    <property name="java.specification.version" value="15"/>
    <property name="sun.jnu.encoding" value="UTF-8"/>
    <property name="java.class.path" value="/Users/sunnygarg/Documents/Personal_Docs/tokopedia-visit-writer/tokopedia-visit-writer-api/target/test-classes:/Users/sunnygarg/Documents/Personal_Docs/tokopedia-visit-writer/tokopedia-visit-writer-api/target/classes:/Users/sunnygarg/.m2/repository/org/json/json/20210307/json-20210307.jar:/Users/sunnygarg/.m2/repository/org/springframework/data/spring-data-redis/2.2.6.RELEASE/spring-data-redis-2.2.6.RELEASE.jar:/Users/sunnygarg/.m2/repository/org/springframework/data/spring-data-keyvalue/2.2.6.RELEASE/spring-data-keyvalue-2.2.6.RELEASE.jar:/Users/sunnygarg/.m2/repository/org/springframework/data/spring-data-commons/2.2.6.RELEASE/spring-data-commons-2.2.6.RELEASE.jar:/Users/sunnygarg/.m2/repository/org/springframework/spring-tx/5.2.5.RELEASE/spring-tx-5.2.5.RELEASE.jar:/Users/sunnygarg/.m2/repository/org/springframework/spring-oxm/5.2.5.RELEASE/spring-oxm-5.2.5.RELEASE.jar:/Users/sunnygarg/.m2/repository/org/springframework/spring-aop/5.2.5.RELEASE/spring-aop-5.2.5.RELEASE.jar:/Users/sunnygarg/.m2/repository/org/springframework/spring-context-support/5.2.5.RELEASE/spring-context-support-5.2.5.RELEASE.jar:/Users/sunnygarg/.m2/repository/org/slf4j/slf4j-api/1.7.30/slf4j-api-1.7.30.jar:/Users/sunnygarg/.m2/repository/redis/clients/jedis/3.3.0/jedis-3.3.0.jar:/Users/sunnygarg/.m2/repository/org/apache/commons/commons-pool2/2.7.0/commons-pool2-2.7.0.jar:/Users/sunnygarg/.m2/repository/org/springframework/kafka/spring-kafka/2.3.7.RELEASE/spring-kafka-2.3.7.RELEASE.jar:/Users/sunnygarg/.m2/repository/org/apache/kafka/kafka-clients/2.3.1/kafka-clients-2.3.1.jar:/Users/sunnygarg/.m2/repository/com/github/luben/zstd-jni/1.4.0-1/zstd-jni-1.4.0-1.jar:/Users/sunnygarg/.m2/repository/org/lz4/lz4-java/1.6.0/lz4-java-1.6.0.jar:/Users/sunnygarg/.m2/repository/org/xerial/snappy/snappy-java/1.1.7.3/snappy-java-1.1.7.3.jar:/Users/sunnygarg/.m2/repository/org/springframework/retry/spring-retry/1.2.5.RELEASE/spring-retry-1.2.5.RELEASE.jar:/Users/sunnygarg/.m2/repository/org/springframework/spring-context/5.2.5.RELEASE/spring-context-5.2.5.RELEASE.jar:/Users/sunnygarg/.m2/repository/org/springframework/spring-expression/5.2.5.RELEASE/spring-expression-5.2.5.RELEASE.jar:/Users/sunnygarg/.m2/repository/org/springframework/spring-messaging/5.2.5.RELEASE/spring-messaging-5.2.5.RELEASE.jar:/Users/sunnygarg/.m2/repository/org/springframework/kafka/spring-kafka-test/2.3.7.RELEASE/spring-kafka-test-2.3.7.RELEASE.jar:/Users/sunnygarg/.m2/repository/org/apache/kafka/kafka-clients/2.3.1/kafka-clients-2.3.1-test.jar:/Users/sunnygarg/.m2/repository/org/apache/kafka/kafka-streams/2.3.1/kafka-streams-2.3.1.jar:/Users/sunnygarg/.m2/repository/org/apache/kafka/connect-json/2.3.1/connect-json-2.3.1.jar:/Users/sunnygarg/.m2/repository/org/apache/kafka/connect-api/2.3.1/connect-api-2.3.1.jar:/Users/sunnygarg/.m2/repository/org/rocksdb/rocksdbjni/5.18.3/rocksdbjni-5.18.3.jar:/Users/sunnygarg/.m2/repository/org/apache/kafka/kafka-streams-test-utils/2.3.1/kafka-streams-test-utils-2.3.1.jar:/Users/sunnygarg/.m2/repository/org/apache/kafka/kafka_2.12/2.3.1/kafka_2.12-2.3.1.jar:/Users/sunnygarg/.m2/repository/com/fasterxml/jackson/core/jackson-databind/2.10.3/jackson-databind-2.10.3.jar:/Users/sunnygarg/.m2/repository/com/fasterxml/jackson/core/jackson-annotations/2.10.3/jackson-annotations-2.10.3.jar:/Users/sunnygarg/.m2/repository/com/fasterxml/jackson/core/jackson-core/2.10.3/jackson-core-2.10.3.jar:/Users/sunnygarg/.m2/repository/com/fasterxml/jackson/module/jackson-module-scala_2.12/2.10.3/jackson-module-scala_2.12-2.10.3.jar:/Users/sunnygarg/.m2/repository/com/fasterxml/jackson/module/jackson-module-paranamer/2.10.3/jackson-module-paranamer-2.10.3.jar:/Users/sunnygarg/.m2/repository/com/thoughtworks/paranamer/paranamer/2.8/paranamer-2.8.jar:/Users/sunnygarg/.m2/repository/com/fasterxml/jackson/dataformat/jackson-dataformat-csv/2.10.3/jackson-dataformat-csv-2.10.3.jar:/Users/sunnygarg/.m2/repository/com/fasterxml/jackson/datatype/jackson-datatype-jdk8/2.10.3/jackson-datatype-jdk8-2.10.3.jar:/Users/sunnygarg/.m2/repository/net/sf/jopt-simple/jopt-simple/5.0.4/jopt-simple-5.0.4.jar:/Users/sunnygarg/.m2/repository/com/yammer/metrics/metrics-core/2.2.0/metrics-core-2.2.0.jar:/Users/sunnygarg/.m2/repository/org/scala-lang/scala-library/2.12.8/scala-library-2.12.8.jar:/Users/sunnygarg/.m2/repository/org/scala-lang/scala-reflect/2.12.8/scala-reflect-2.12.8.jar:/Users/sunnygarg/.m2/repository/com/typesafe/scala-logging/scala-logging_2.12/3.9.0/scala-logging_2.12-3.9.0.jar:/Users/sunnygarg/.m2/repository/com/101tec/zkclient/0.11/zkclient-0.11.jar:/Users/sunnygarg/.m2/repository/org/apache/zookeeper/zookeeper/3.4.14/zookeeper-3.4.14.jar:/Users/sunnygarg/.m2/repository/com/github/spotbugs/spotbugs-annotations/3.1.9/spotbugs-annotations-3.1.9.jar:/Users/sunnygarg/.m2/repository/com/google/code/findbugs/jsr305/3.0.2/jsr305-3.0.2.jar:/Users/sunnygarg/.m2/repository/org/apache/yetus/audience-annotations/0.5.0/audience-annotations-0.5.0.jar:/Users/sunnygarg/.m2/repository/org/apache/kafka/kafka_2.12/2.3.1/kafka_2.12-2.3.1-test.jar:/Users/sunnygarg/.m2/repository/org/junit/jupiter/junit-jupiter-api/5.5.2/junit-jupiter-api-5.5.2.jar:/Users/sunnygarg/.m2/repository/org/apiguardian/apiguardian-api/1.1.0/apiguardian-api-1.1.0.jar:/Users/sunnygarg/.m2/repository/org/opentest4j/opentest4j/1.2.0/opentest4j-1.2.0.jar:/Users/sunnygarg/.m2/repository/org/junit/platform/junit-platform-commons/1.5.2/junit-platform-commons-1.5.2.jar:/Users/sunnygarg/.m2/repository/org/springframework/spring-test/5.2.5.RELEASE/spring-test-5.2.5.RELEASE.jar:/Users/sunnygarg/Documents/Personal_Docs/tokopedia-visit-writer/tokopedia-visit-writer-dal/target/tokopedia-visit-writer-dal-0.0.1-SNAPSHOT.jar:/Users/sunnygarg/Documents/Personal_Docs/tokopedia-visit-writer/tokopedia-visit-writer-commons/target/tokopedia-visit-writer-commons-0.0.1-SNAPSHOT.jar:/Users/sunnygarg/.m2/repository/org/springframework/boot/spring-boot-starter-data-mongodb/2.2.6.RELEASE/spring-boot-starter-data-mongodb-2.2.6.RELEASE.jar:/Users/sunnygarg/.m2/repository/org/mongodb/mongodb-driver/3.11.2/mongodb-driver-3.11.2.jar:/Users/sunnygarg/.m2/repository/org/mongodb/bson/3.11.2/bson-3.11.2.jar:/Users/sunnygarg/.m2/repository/org/mongodb/mongodb-driver-core/3.11.2/mongodb-driver-core-3.11.2.jar:/Users/sunnygarg/.m2/repository/org/springframework/data/spring-data-mongodb/2.2.6.RELEASE/spring-data-mongodb-2.2.6.RELEASE.jar:/Users/sunnygarg/.m2/repository/joda-time/joda-time/2.10.5/joda-time-2.10.5.jar:/Users/sunnygarg/.m2/repository/org/apache/commons/commons-lang3/3.9/commons-lang3-3.9.jar:/Users/sunnygarg/.m2/repository/io/swagger/swagger-annotations/1.6.2/swagger-annotations-1.6.2.jar:/Users/sunnygarg/.m2/repository/org/springframework/boot/spring-boot-starter/2.2.6.RELEASE/spring-boot-starter-2.2.6.RELEASE.jar:/Users/sunnygarg/.m2/repository/org/springframework/boot/spring-boot/2.2.6.RELEASE/spring-boot-2.2.6.RELEASE.jar:/Users/sunnygarg/.m2/repository/org/springframework/boot/spring-boot-autoconfigure/2.2.6.RELEASE/spring-boot-autoconfigure-2.2.6.RELEASE.jar:/Users/sunnygarg/.m2/repository/org/springframework/boot/spring-boot-starter-logging/2.2.6.RELEASE/spring-boot-starter-logging-2.2.6.RELEASE.jar:/Users/sunnygarg/.m2/repository/ch/qos/logback/logback-classic/1.2.3/logback-classic-1.2.3.jar:/Users/sunnygarg/.m2/repository/ch/qos/logback/logback-core/1.2.3/logback-core-1.2.3.jar:/Users/sunnygarg/.m2/repository/org/apache/logging/log4j/log4j-to-slf4j/2.12.1/log4j-to-slf4j-2.12.1.jar:/Users/sunnygarg/.m2/repository/org/apache/logging/log4j/log4j-api/2.12.1/log4j-api-2.12.1.jar:/Users/sunnygarg/.m2/repository/org/slf4j/jul-to-slf4j/1.7.30/jul-to-slf4j-1.7.30.jar:/Users/sunnygarg/.m2/repository/jakarta/annotation/jakarta.annotation-api/1.3.5/jakarta.annotation-api-1.3.5.jar:/Users/sunnygarg/.m2/repository/org/springframework/spring-core/5.2.5.RELEASE/spring-core-5.2.5.RELEASE.jar:/Users/sunnygarg/.m2/repository/org/springframework/spring-jcl/5.2.5.RELEASE/spring-jcl-5.2.5.RELEASE.jar:/Users/sunnygarg/.m2/repository/org/yaml/snakeyaml/1.25/snakeyaml-1.25.jar:/Users/sunnygarg/.m2/repository/org/springframework/spring-web/5.2.5.RELEASE/spring-web-5.2.5.RELEASE.jar:/Users/sunnygarg/.m2/repository/org/springframework/spring-beans/5.2.5.RELEASE/spring-beans-5.2.5.RELEASE.jar:/Users/sunnygarg/.m2/repository/org/springframework/boot/spring-boot-starter-web/2.2.6.RELEASE/spring-boot-starter-web-2.2.6.RELEASE.jar:/Users/sunnygarg/.m2/repository/org/springframework/boot/spring-boot-starter-json/2.2.6.RELEASE/spring-boot-starter-json-2.2.6.RELEASE.jar:/Users/sunnygarg/.m2/repository/com/fasterxml/jackson/datatype/jackson-datatype-jsr310/2.10.3/jackson-datatype-jsr310-2.10.3.jar:/Users/sunnygarg/.m2/repository/com/fasterxml/jackson/module/jackson-module-parameter-names/2.10.3/jackson-module-parameter-names-2.10.3.jar:/Users/sunnygarg/.m2/repository/org/springframework/boot/spring-boot-starter-tomcat/2.2.6.RELEASE/spring-boot-starter-tomcat-2.2.6.RELEASE.jar:/Users/sunnygarg/.m2/repository/org/apache/tomcat/embed/tomcat-embed-core/9.0.33/tomcat-embed-core-9.0.33.jar:/Users/sunnygarg/.m2/repository/org/apache/tomcat/embed/tomcat-embed-el/9.0.33/tomcat-embed-el-9.0.33.jar:/Users/sunnygarg/.m2/repository/org/apache/tomcat/embed/tomcat-embed-websocket/9.0.33/tomcat-embed-websocket-9.0.33.jar:/Users/sunnygarg/.m2/repository/org/springframework/boot/spring-boot-starter-validation/2.2.6.RELEASE/spring-boot-starter-validation-2.2.6.RELEASE.jar:/Users/sunnygarg/.m2/repository/jakarta/validation/jakarta.validation-api/2.0.2/jakarta.validation-api-2.0.2.jar:/Users/sunnygarg/.m2/repository/org/hibernate/validator/hibernate-validator/6.0.18.Final/hibernate-validator-6.0.18.Final.jar:/Users/sunnygarg/.m2/repository/org/jboss/logging/jboss-logging/3.4.1.Final/jboss-logging-3.4.1.Final.jar:/Users/sunnygarg/.m2/repository/org/springframework/spring-webmvc/5.2.5.RELEASE/spring-webmvc-5.2.5.RELEASE.jar:/Users/sunnygarg/.m2/repository/org/springframework/boot/spring-boot-starter-test/2.2.6.RELEASE/spring-boot-starter-test-2.2.6.RELEASE.jar:/Users/sunnygarg/.m2/repository/org/springframework/boot/spring-boot-test/2.2.6.RELEASE/spring-boot-test-2.2.6.RELEASE.jar:/Users/sunnygarg/.m2/repository/org/springframework/boot/spring-boot-test-autoconfigure/2.2.6.RELEASE/spring-boot-test-autoconfigure-2.2.6.RELEASE.jar:/Users/sunnygarg/.m2/repository/com/jayway/jsonpath/json-path/2.4.0/json-path-2.4.0.jar:/Users/sunnygarg/.m2/repository/net/minidev/json-smart/2.3/json-smart-2.3.jar:/Users/sunnygarg/.m2/repository/net/minidev/accessors-smart/1.2/accessors-smart-1.2.jar:/Users/sunnygarg/.m2/repository/org/ow2/asm/asm/5.0.4/asm-5.0.4.jar:/Users/sunnygarg/.m2/repository/jakarta/xml/bind/jakarta.xml.bind-api/2.3.3/jakarta.xml.bind-api-2.3.3.jar:/Users/sunnygarg/.m2/repository/jakarta/activation/jakarta.activation-api/1.2.2/jakarta.activation-api-1.2.2.jar:/Users/sunnygarg/.m2/repository/org/junit/jupiter/junit-jupiter/5.5.2/junit-jupiter-5.5.2.jar:/Users/sunnygarg/.m2/repository/org/junit/jupiter/junit-jupiter-params/5.5.2/junit-jupiter-params-5.5.2.jar:/Users/sunnygarg/.m2/repository/org/junit/jupiter/junit-jupiter-engine/5.5.2/junit-jupiter-engine-5.5.2.jar:/Users/sunnygarg/.m2/repository/org/junit/platform/junit-platform-engine/1.5.2/junit-platform-engine-1.5.2.jar:/Users/sunnygarg/.m2/repository/org/mockito/mockito-junit-jupiter/3.1.0/mockito-junit-jupiter-3.1.0.jar:/Users/sunnygarg/.m2/repository/org/assertj/assertj-core/3.13.2/assertj-core-3.13.2.jar:/Users/sunnygarg/.m2/repository/org/hamcrest/hamcrest/2.1/hamcrest-2.1.jar:/Users/sunnygarg/.m2/repository/org/mockito/mockito-core/3.1.0/mockito-core-3.1.0.jar:/Users/sunnygarg/.m2/repository/net/bytebuddy/byte-buddy/1.10.8/byte-buddy-1.10.8.jar:/Users/sunnygarg/.m2/repository/net/bytebuddy/byte-buddy-agent/1.10.8/byte-buddy-agent-1.10.8.jar:/Users/sunnygarg/.m2/repository/org/objenesis/objenesis/2.6/objenesis-2.6.jar:/Users/sunnygarg/.m2/repository/org/skyscreamer/jsonassert/1.5.0/jsonassert-1.5.0.jar:/Users/sunnygarg/.m2/repository/com/vaadin/external/google/android-json/0.0.20131108.vaadin1/android-json-0.0.20131108.vaadin1.jar:/Users/sunnygarg/.m2/repository/org/xmlunit/xmlunit-core/2.6.4/xmlunit-core-2.6.4.jar:/Users/sunnygarg/.m2/repository/io/springfox/springfox-boot-starter/3.0.0/springfox-boot-starter-3.0.0.jar:/Users/sunnygarg/.m2/repository/io/springfox/springfox-oas/3.0.0/springfox-oas-3.0.0.jar:/Users/sunnygarg/.m2/repository/io/swagger/core/v3/swagger-annotations/2.1.2/swagger-annotations-2.1.2.jar:/Users/sunnygarg/.m2/repository/io/swagger/core/v3/swagger-models/2.1.2/swagger-models-2.1.2.jar:/Users/sunnygarg/.m2/repository/io/springfox/springfox-spi/3.0.0/springfox-spi-3.0.0.jar:/Users/sunnygarg/.m2/repository/io/springfox/springfox-schema/3.0.0/springfox-schema-3.0.0.jar:/Users/sunnygarg/.m2/repository/io/springfox/springfox-core/3.0.0/springfox-core-3.0.0.jar:/Users/sunnygarg/.m2/repository/io/springfox/springfox-spring-web/3.0.0/springfox-spring-web-3.0.0.jar:/Users/sunnygarg/.m2/repository/io/github/classgraph/classgraph/4.8.83/classgraph-4.8.83.jar:/Users/sunnygarg/.m2/repository/io/springfox/springfox-spring-webmvc/3.0.0/springfox-spring-webmvc-3.0.0.jar:/Users/sunnygarg/.m2/repository/io/springfox/springfox-spring-webflux/3.0.0/springfox-spring-webflux-3.0.0.jar:/Users/sunnygarg/.m2/repository/io/springfox/springfox-swagger-common/3.0.0/springfox-swagger-common-3.0.0.jar:/Users/sunnygarg/.m2/repository/org/mapstruct/mapstruct/1.3.1.Final/mapstruct-1.3.1.Final.jar:/Users/sunnygarg/.m2/repository/io/springfox/springfox-data-rest/3.0.0/springfox-data-rest-3.0.0.jar:/Users/sunnygarg/.m2/repository/io/springfox/springfox-bean-validators/3.0.0/springfox-bean-validators-3.0.0.jar:/Users/sunnygarg/.m2/repository/io/springfox/springfox-swagger2/3.0.0/springfox-swagger2-3.0.0.jar:/Users/sunnygarg/.m2/repository/io/swagger/swagger-models/1.5.20/swagger-models-1.5.20.jar:/Users/sunnygarg/.m2/repository/io/springfox/springfox-swagger-ui/3.0.0/springfox-swagger-ui-3.0.0.jar:/Users/sunnygarg/.m2/repository/com/fasterxml/classmate/1.5.1/classmate-1.5.1.jar:/Users/sunnygarg/.m2/repository/org/springframework/plugin/spring-plugin-core/2.0.0.RELEASE/spring-plugin-core-2.0.0.RELEASE.jar:/Users/sunnygarg/.m2/repository/org/springframework/plugin/spring-plugin-metadata/2.0.0.RELEASE/spring-plugin-metadata-2.0.0.RELEASE.jar:/Users/sunnygarg/.m2/repository/org/projectlombok/lombok/1.18.12/lombok-1.18.12.jar:/Users/sunnygarg/.m2/repository/org/aspectj/aspectjtools/1.9.6/aspectjtools-1.9.6.jar:"/>
    <property name="java.vm.vendor" value="Oracle Corporation"/>
    <property name="sun.arch.data.model" value="64"/>
    <property name="java.vendor.url" value="https://openjdk.java.net/"/>
    <property name="os.name" value="Mac OS X"/>
    <property name="java.vm.specification.version" value="15"/>
    <property name="sun.java.launcher" value="SUN_STANDARD"/>
    <property name="user.country" value="IN"/>
    <property name="sun.boot.library.path" value="/usr/local/Cellar/openjdk/15.0.2/libexec/openjdk.jdk/Contents/Home/lib"/>
    <property name="sun.java.command" value="/Users/sunnygarg/Documents/Personal_Docs/tokopedia-visit-writer/tokopedia-visit-writer-api/target/surefire/surefirebooter1838423407175778022.jar /Users/sunnygarg/Documents/Personal_Docs/tokopedia-visit-writer/tokopedia-visit-writer-api/target/surefire 2021-08-22T13-28-09_454-jvmRun1 surefire14912179044036984627tmp surefire_016101016979944034445tmp"/>
    <property name="jdk.debug" value="release"/>
    <property name="surefire.test.class.path" value="/Users/sunnygarg/Documents/Personal_Docs/tokopedia-visit-writer/tokopedia-visit-writer-api/target/test-classes:/Users/sunnygarg/Documents/Personal_Docs/tokopedia-visit-writer/tokopedia-visit-writer-api/target/classes:/Users/sunnygarg/.m2/repository/org/json/json/20210307/json-20210307.jar:/Users/sunnygarg/.m2/repository/org/springframework/data/spring-data-redis/2.2.6.RELEASE/spring-data-redis-2.2.6.RELEASE.jar:/Users/sunnygarg/.m2/repository/org/springframework/data/spring-data-keyvalue/2.2.6.RELEASE/spring-data-keyvalue-2.2.6.RELEASE.jar:/Users/sunnygarg/.m2/repository/org/springframework/data/spring-data-commons/2.2.6.RELEASE/spring-data-commons-2.2.6.RELEASE.jar:/Users/sunnygarg/.m2/repository/org/springframework/spring-tx/5.2.5.RELEASE/spring-tx-5.2.5.RELEASE.jar:/Users/sunnygarg/.m2/repository/org/springframework/spring-oxm/5.2.5.RELEASE/spring-oxm-5.2.5.RELEASE.jar:/Users/sunnygarg/.m2/repository/org/springframework/spring-aop/5.2.5.RELEASE/spring-aop-5.2.5.RELEASE.jar:/Users/sunnygarg/.m2/repository/org/springframework/spring-context-support/5.2.5.RELEASE/spring-context-support-5.2.5.RELEASE.jar:/Users/sunnygarg/.m2/repository/org/slf4j/slf4j-api/1.7.30/slf4j-api-1.7.30.jar:/Users/sunnygarg/.m2/repository/redis/clients/jedis/3.3.0/jedis-3.3.0.jar:/Users/sunnygarg/.m2/repository/org/apache/commons/commons-pool2/2.7.0/commons-pool2-2.7.0.jar:/Users/sunnygarg/.m2/repository/org/springframework/kafka/spring-kafka/2.3.7.RELEASE/spring-kafka-2.3.7.RELEASE.jar:/Users/sunnygarg/.m2/repository/org/apache/kafka/kafka-clients/2.3.1/kafka-clients-2.3.1.jar:/Users/sunnygarg/.m2/repository/com/github/luben/zstd-jni/1.4.0-1/zstd-jni-1.4.0-1.jar:/Users/sunnygarg/.m2/repository/org/lz4/lz4-java/1.6.0/lz4-java-1.6.0.jar:/Users/sunnygarg/.m2/repository/org/xerial/snappy/snappy-java/1.1.7.3/snappy-java-1.1.7.3.jar:/Users/sunnygarg/.m2/repository/org/springframework/retry/spring-retry/1.2.5.RELEASE/spring-retry-1.2.5.RELEASE.jar:/Users/sunnygarg/.m2/repository/org/springframework/spring-context/5.2.5.RELEASE/spring-context-5.2.5.RELEASE.jar:/Users/sunnygarg/.m2/repository/org/springframework/spring-expression/5.2.5.RELEASE/spring-expression-5.2.5.RELEASE.jar:/Users/sunnygarg/.m2/repository/org/springframework/spring-messaging/5.2.5.RELEASE/spring-messaging-5.2.5.RELEASE.jar:/Users/sunnygarg/.m2/repository/org/springframework/kafka/spring-kafka-test/2.3.7.RELEASE/spring-kafka-test-2.3.7.RELEASE.jar:/Users/sunnygarg/.m2/repository/org/apache/kafka/kafka-clients/2.3.1/kafka-clients-2.3.1-test.jar:/Users/sunnygarg/.m2/repository/org/apache/kafka/kafka-streams/2.3.1/kafka-streams-2.3.1.jar:/Users/sunnygarg/.m2/repository/org/apache/kafka/connect-json/2.3.1/connect-json-2.3.1.jar:/Users/sunnygarg/.m2/repository/org/apache/kafka/connect-api/2.3.1/connect-api-2.3.1.jar:/Users/sunnygarg/.m2/repository/org/rocksdb/rocksdbjni/5.18.3/rocksdbjni-5.18.3.jar:/Users/sunnygarg/.m2/repository/org/apache/kafka/kafka-streams-test-utils/2.3.1/kafka-streams-test-utils-2.3.1.jar:/Users/sunnygarg/.m2/repository/org/apache/kafka/kafka_2.12/2.3.1/kafka_2.12-2.3.1.jar:/Users/sunnygarg/.m2/repository/com/fasterxml/jackson/core/jackson-databind/2.10.3/jackson-databind-2.10.3.jar:/Users/sunnygarg/.m2/repository/com/fasterxml/jackson/core/jackson-annotations/2.10.3/jackson-annotations-2.10.3.jar:/Users/sunnygarg/.m2/repository/com/fasterxml/jackson/core/jackson-core/2.10.3/jackson-core-2.10.3.jar:/Users/sunnygarg/.m2/repository/com/fasterxml/jackson/module/jackson-module-scala_2.12/2.10.3/jackson-module-scala_2.12-2.10.3.jar:/Users/sunnygarg/.m2/repository/com/fasterxml/jackson/module/jackson-module-paranamer/2.10.3/jackson-module-paranamer-2.10.3.jar:/Users/sunnygarg/.m2/repository/com/thoughtworks/paranamer/paranamer/2.8/paranamer-2.8.jar:/Users/sunnygarg/.m2/repository/com/fasterxml/jackson/dataformat/jackson-dataformat-csv/2.10.3/jackson-dataformat-csv-2.10.3.jar:/Users/sunnygarg/.m2/repository/com/fasterxml/jackson/datatype/jackson-datatype-jdk8/2.10.3/jackson-datatype-jdk8-2.10.3.jar:/Users/sunnygarg/.m2/repository/net/sf/jopt-simple/jopt-simple/5.0.4/jopt-simple-5.0.4.jar:/Users/sunnygarg/.m2/repository/com/yammer/metrics/metrics-core/2.2.0/metrics-core-2.2.0.jar:/Users/sunnygarg/.m2/repository/org/scala-lang/scala-library/2.12.8/scala-library-2.12.8.jar:/Users/sunnygarg/.m2/repository/org/scala-lang/scala-reflect/2.12.8/scala-reflect-2.12.8.jar:/Users/sunnygarg/.m2/repository/com/typesafe/scala-logging/scala-logging_2.12/3.9.0/scala-logging_2.12-3.9.0.jar:/Users/sunnygarg/.m2/repository/com/101tec/zkclient/0.11/zkclient-0.11.jar:/Users/sunnygarg/.m2/repository/org/apache/zookeeper/zookeeper/3.4.14/zookeeper-3.4.14.jar:/Users/sunnygarg/.m2/repository/com/github/spotbugs/spotbugs-annotations/3.1.9/spotbugs-annotations-3.1.9.jar:/Users/sunnygarg/.m2/repository/com/google/code/findbugs/jsr305/3.0.2/jsr305-3.0.2.jar:/Users/sunnygarg/.m2/repository/org/apache/yetus/audience-annotations/0.5.0/audience-annotations-0.5.0.jar:/Users/sunnygarg/.m2/repository/org/apache/kafka/kafka_2.12/2.3.1/kafka_2.12-2.3.1-test.jar:/Users/sunnygarg/.m2/repository/org/junit/jupiter/junit-jupiter-api/5.5.2/junit-jupiter-api-5.5.2.jar:/Users/sunnygarg/.m2/repository/org/apiguardian/apiguardian-api/1.1.0/apiguardian-api-1.1.0.jar:/Users/sunnygarg/.m2/repository/org/opentest4j/opentest4j/1.2.0/opentest4j-1.2.0.jar:/Users/sunnygarg/.m2/repository/org/junit/platform/junit-platform-commons/1.5.2/junit-platform-commons-1.5.2.jar:/Users/sunnygarg/.m2/repository/org/springframework/spring-test/5.2.5.RELEASE/spring-test-5.2.5.RELEASE.jar:/Users/sunnygarg/Documents/Personal_Docs/tokopedia-visit-writer/tokopedia-visit-writer-dal/target/tokopedia-visit-writer-dal-0.0.1-SNAPSHOT.jar:/Users/sunnygarg/Documents/Personal_Docs/tokopedia-visit-writer/tokopedia-visit-writer-commons/target/tokopedia-visit-writer-commons-0.0.1-SNAPSHOT.jar:/Users/sunnygarg/.m2/repository/org/springframework/boot/spring-boot-starter-data-mongodb/2.2.6.RELEASE/spring-boot-starter-data-mongodb-2.2.6.RELEASE.jar:/Users/sunnygarg/.m2/repository/org/mongodb/mongodb-driver/3.11.2/mongodb-driver-3.11.2.jar:/Users/sunnygarg/.m2/repository/org/mongodb/bson/3.11.2/bson-3.11.2.jar:/Users/sunnygarg/.m2/repository/org/mongodb/mongodb-driver-core/3.11.2/mongodb-driver-core-3.11.2.jar:/Users/sunnygarg/.m2/repository/org/springframework/data/spring-data-mongodb/2.2.6.RELEASE/spring-data-mongodb-2.2.6.RELEASE.jar:/Users/sunnygarg/.m2/repository/joda-time/joda-time/2.10.5/joda-time-2.10.5.jar:/Users/sunnygarg/.m2/repository/org/apache/commons/commons-lang3/3.9/commons-lang3-3.9.jar:/Users/sunnygarg/.m2/repository/io/swagger/swagger-annotations/1.6.2/swagger-annotations-1.6.2.jar:/Users/sunnygarg/.m2/repository/org/springframework/boot/spring-boot-starter/2.2.6.RELEASE/spring-boot-starter-2.2.6.RELEASE.jar:/Users/sunnygarg/.m2/repository/org/springframework/boot/spring-boot/2.2.6.RELEASE/spring-boot-2.2.6.RELEASE.jar:/Users/sunnygarg/.m2/repository/org/springframework/boot/spring-boot-autoconfigure/2.2.6.RELEASE/spring-boot-autoconfigure-2.2.6.RELEASE.jar:/Users/sunnygarg/.m2/repository/org/springframework/boot/spring-boot-starter-logging/2.2.6.RELEASE/spring-boot-starter-logging-2.2.6.RELEASE.jar:/Users/sunnygarg/.m2/repository/ch/qos/logback/logback-classic/1.2.3/logback-classic-1.2.3.jar:/Users/sunnygarg/.m2/repository/ch/qos/logback/logback-core/1.2.3/logback-core-1.2.3.jar:/Users/sunnygarg/.m2/repository/org/apache/logging/log4j/log4j-to-slf4j/2.12.1/log4j-to-slf4j-2.12.1.jar:/Users/sunnygarg/.m2/repository/org/apache/logging/log4j/log4j-api/2.12.1/log4j-api-2.12.1.jar:/Users/sunnygarg/.m2/repository/org/slf4j/jul-to-slf4j/1.7.30/jul-to-slf4j-1.7.30.jar:/Users/sunnygarg/.m2/repository/jakarta/annotation/jakarta.annotation-api/1.3.5/jakarta.annotation-api-1.3.5.jar:/Users/sunnygarg/.m2/repository/org/springframework/spring-core/5.2.5.RELEASE/spring-core-5.2.5.RELEASE.jar:/Users/sunnygarg/.m2/repository/org/springframework/spring-jcl/5.2.5.RELEASE/spring-jcl-5.2.5.RELEASE.jar:/Users/sunnygarg/.m2/repository/org/yaml/snakeyaml/1.25/snakeyaml-1.25.jar:/Users/sunnygarg/.m2/repository/org/springframework/spring-web/5.2.5.RELEASE/spring-web-5.2.5.RELEASE.jar:/Users/sunnygarg/.m2/repository/org/springframework/spring-beans/5.2.5.RELEASE/spring-beans-5.2.5.RELEASE.jar:/Users/sunnygarg/.m2/repository/org/springframework/boot/spring-boot-starter-web/2.2.6.RELEASE/spring-boot-starter-web-2.2.6.RELEASE.jar:/Users/sunnygarg/.m2/repository/org/springframework/boot/spring-boot-starter-json/2.2.6.RELEASE/spring-boot-starter-json-2.2.6.RELEASE.jar:/Users/sunnygarg/.m2/repository/com/fasterxml/jackson/datatype/jackson-datatype-jsr310/2.10.3/jackson-datatype-jsr310-2.10.3.jar:/Users/sunnygarg/.m2/repository/com/fasterxml/jackson/module/jackson-module-parameter-names/2.10.3/jackson-module-parameter-names-2.10.3.jar:/Users/sunnygarg/.m2/repository/org/springframework/boot/spring-boot-starter-tomcat/2.2.6.RELEASE/spring-boot-starter-tomcat-2.2.6.RELEASE.jar:/Users/sunnygarg/.m2/repository/org/apache/tomcat/embed/tomcat-embed-core/9.0.33/tomcat-embed-core-9.0.33.jar:/Users/sunnygarg/.m2/repository/org/apache/tomcat/embed/tomcat-embed-el/9.0.33/tomcat-embed-el-9.0.33.jar:/Users/sunnygarg/.m2/repository/org/apache/tomcat/embed/tomcat-embed-websocket/9.0.33/tomcat-embed-websocket-9.0.33.jar:/Users/sunnygarg/.m2/repository/org/springframework/boot/spring-boot-starter-validation/2.2.6.RELEASE/spring-boot-starter-validation-2.2.6.RELEASE.jar:/Users/sunnygarg/.m2/repository/jakarta/validation/jakarta.validation-api/2.0.2/jakarta.validation-api-2.0.2.jar:/Users/sunnygarg/.m2/repository/org/hibernate/validator/hibernate-validator/6.0.18.Final/hibernate-validator-6.0.18.Final.jar:/Users/sunnygarg/.m2/repository/org/jboss/logging/jboss-logging/3.4.1.Final/jboss-logging-3.4.1.Final.jar:/Users/sunnygarg/.m2/repository/org/springframework/spring-webmvc/5.2.5.RELEASE/spring-webmvc-5.2.5.RELEASE.jar:/Users/sunnygarg/.m2/repository/org/springframework/boot/spring-boot-starter-test/2.2.6.RELEASE/spring-boot-starter-test-2.2.6.RELEASE.jar:/Users/sunnygarg/.m2/repository/org/springframework/boot/spring-boot-test/2.2.6.RELEASE/spring-boot-test-2.2.6.RELEASE.jar:/Users/sunnygarg/.m2/repository/org/springframework/boot/spring-boot-test-autoconfigure/2.2.6.RELEASE/spring-boot-test-autoconfigure-2.2.6.RELEASE.jar:/Users/sunnygarg/.m2/repository/com/jayway/jsonpath/json-path/2.4.0/json-path-2.4.0.jar:/Users/sunnygarg/.m2/repository/net/minidev/json-smart/2.3/json-smart-2.3.jar:/Users/sunnygarg/.m2/repository/net/minidev/accessors-smart/1.2/accessors-smart-1.2.jar:/Users/sunnygarg/.m2/repository/org/ow2/asm/asm/5.0.4/asm-5.0.4.jar:/Users/sunnygarg/.m2/repository/jakarta/xml/bind/jakarta.xml.bind-api/2.3.3/jakarta.xml.bind-api-2.3.3.jar:/Users/sunnygarg/.m2/repository/jakarta/activation/jakarta.activation-api/1.2.2/jakarta.activation-api-1.2.2.jar:/Users/sunnygarg/.m2/repository/org/junit/jupiter/junit-jupiter/5.5.2/junit-jupiter-5.5.2.jar:/Users/sunnygarg/.m2/repository/org/junit/jupiter/junit-jupiter-params/5.5.2/junit-jupiter-params-5.5.2.jar:/Users/sunnygarg/.m2/repository/org/junit/jupiter/junit-jupiter-engine/5.5.2/junit-jupiter-engine-5.5.2.jar:/Users/sunnygarg/.m2/repository/org/junit/platform/junit-platform-engine/1.5.2/junit-platform-engine-1.5.2.jar:/Users/sunnygarg/.m2/repository/org/mockito/mockito-junit-jupiter/3.1.0/mockito-junit-jupiter-3.1.0.jar:/Users/sunnygarg/.m2/repository/org/assertj/assertj-core/3.13.2/assertj-core-3.13.2.jar:/Users/sunnygarg/.m2/repository/org/hamcrest/hamcrest/2.1/hamcrest-2.1.jar:/Users/sunnygarg/.m2/repository/org/mockito/mockito-core/3.1.0/mockito-core-3.1.0.jar:/Users/sunnygarg/.m2/repository/net/bytebuddy/byte-buddy/1.10.8/byte-buddy-1.10.8.jar:/Users/sunnygarg/.m2/repository/net/bytebuddy/byte-buddy-agent/1.10.8/byte-buddy-agent-1.10.8.jar:/Users/sunnygarg/.m2/repository/org/objenesis/objenesis/2.6/objenesis-2.6.jar:/Users/sunnygarg/.m2/repository/org/skyscreamer/jsonassert/1.5.0/jsonassert-1.5.0.jar:/Users/sunnygarg/.m2/repository/com/vaadin/external/google/android-json/0.0.20131108.vaadin1/android-json-0.0.20131108.vaadin1.jar:/Users/sunnygarg/.m2/repository/org/xmlunit/xmlunit-core/2.6.4/xmlunit-core-2.6.4.jar:/Users/sunnygarg/.m2/repository/io/springfox/springfox-boot-starter/3.0.0/springfox-boot-starter-3.0.0.jar:/Users/sunnygarg/.m2/repository/io/springfox/springfox-oas/3.0.0/springfox-oas-3.0.0.jar:/Users/sunnygarg/.m2/repository/io/swagger/core/v3/swagger-annotations/2.1.2/swagger-annotations-2.1.2.jar:/Users/sunnygarg/.m2/repository/io/swagger/core/v3/swagger-models/2.1.2/swagger-models-2.1.2.jar:/Users/sunnygarg/.m2/repository/io/springfox/springfox-spi/3.0.0/springfox-spi-3.0.0.jar:/Users/sunnygarg/.m2/repository/io/springfox/springfox-schema/3.0.0/springfox-schema-3.0.0.jar:/Users/sunnygarg/.m2/repository/io/springfox/springfox-core/3.0.0/springfox-core-3.0.0.jar:/Users/sunnygarg/.m2/repository/io/springfox/springfox-spring-web/3.0.0/springfox-spring-web-3.0.0.jar:/Users/sunnygarg/.m2/repository/io/github/classgraph/classgraph/4.8.83/classgraph-4.8.83.jar:/Users/sunnygarg/.m2/repository/io/springfox/springfox-spring-webmvc/3.0.0/springfox-spring-webmvc-3.0.0.jar:/Users/sunnygarg/.m2/repository/io/springfox/springfox-spring-webflux/3.0.0/springfox-spring-webflux-3.0.0.jar:/Users/sunnygarg/.m2/repository/io/springfox/springfox-swagger-common/3.0.0/springfox-swagger-common-3.0.0.jar:/Users/sunnygarg/.m2/repository/org/mapstruct/mapstruct/1.3.1.Final/mapstruct-1.3.1.Final.jar:/Users/sunnygarg/.m2/repository/io/springfox/springfox-data-rest/3.0.0/springfox-data-rest-3.0.0.jar:/Users/sunnygarg/.m2/repository/io/springfox/springfox-bean-validators/3.0.0/springfox-bean-validators-3.0.0.jar:/Users/sunnygarg/.m2/repository/io/springfox/springfox-swagger2/3.0.0/springfox-swagger2-3.0.0.jar:/Users/sunnygarg/.m2/repository/io/swagger/swagger-models/1.5.20/swagger-models-1.5.20.jar:/Users/sunnygarg/.m2/repository/io/springfox/springfox-swagger-ui/3.0.0/springfox-swagger-ui-3.0.0.jar:/Users/sunnygarg/.m2/repository/com/fasterxml/classmate/1.5.1/classmate-1.5.1.jar:/Users/sunnygarg/.m2/repository/org/springframework/plugin/spring-plugin-core/2.0.0.RELEASE/spring-plugin-core-2.0.0.RELEASE.jar:/Users/sunnygarg/.m2/repository/org/springframework/plugin/spring-plugin-metadata/2.0.0.RELEASE/spring-plugin-metadata-2.0.0.RELEASE.jar:/Users/sunnygarg/.m2/repository/org/projectlombok/lombok/1.18.12/lombok-1.18.12.jar:/Users/sunnygarg/.m2/repository/org/aspectj/aspectjtools/1.9.6/aspectjtools-1.9.6.jar:"/>
    <property name="sun.cpu.endian" value="little"/>
    <property name="user.home" value="/Users/sunnygarg"/>
    <property name="user.language" value="en"/>
    <property name="java.specification.vendor" value="Oracle Corporation"/>
    <property name="java.version.date" value="2021-01-19"/>
    <property name="java.home" value="/usr/local/Cellar/openjdk/15.0.2/libexec/openjdk.jdk/Contents/Home"/>
    <property name="file.separator" value="/"/>
    <property name="basedir" value="/Users/sunnygarg/Documents/Personal_Docs/tokopedia-visit-writer/tokopedia-visit-writer-api"/>
    <property name="java.vm.compressedOopsMode" value="Zero based"/>
    <property name="line.separator" value="&#10;"/>
    <property name="java.vm.specification.vendor" value="Oracle Corporation"/>
    <property name="java.specification.name" value="Java Platform API Specification"/>
    <property name="surefire.real.class.path" value="/Users/sunnygarg/Documents/Personal_Docs/tokopedia-visit-writer/tokopedia-visit-writer-api/target/surefire/surefirebooter1838423407175778022.jar"/>
    <property name="sun.management.compiler" value="HotSpot 64-Bit Tiered Compilers"/>
    <property name="java.runtime.version" value="15.0.2+7"/>
    <property name="user.name" value="sunnygarg"/>
    <property name="path.separator" value=":"/>
    <property name="os.version" value="11.5.1"/>
    <property name="java.runtime.name" value="OpenJDK Runtime Environment"/>
    <property name="file.encoding" value="UTF-8"/>
    <property name="java.vm.name" value="OpenJDK 64-Bit Server VM"/>
    <property name="localRepository" value="/Users/sunnygarg/.m2/repository"/>
    <property name="java.vendor.url.bug" value="https://bugreport.java.com/bugreport/"/>
    <property name="java.io.tmpdir" value="/var/folders/hf/mt71274j2s32rj9kldl6j49r0000gn/T/"/>
    <property name="java.version" value="15.0.2"/>
    <property name="user.dir" value="/Users/sunnygarg/Documents/Personal_Docs/tokopedia-visit-writer/tokopedia-visit-writer-api"/>
    <property name="os.arch" value="x86_64"/>
    <property name="java.vm.specification.name" value="Java Virtual Machine Specification"/>
    <property name="java.library.path" value="/Users/sunnygarg/Library/Java/Extensions:/Library/Java/Extensions:/Network/Library/Java/Extensions:/System/Library/Java/Extensions:/usr/lib/java:."/>
    <property name="java.vm.info" value="mixed mode, sharing"/>
    <property name="java.vendor" value="N/A"/>
    <property name="java.vm.version" value="15.0.2+7"/>
    <property name="sun.io.unicode.encoding" value="UnicodeBig"/>
    <property name="java.class.version" value="59.0"/>
  </properties>
  <testcase name="whenEmptyString_thenAccept" classname="com.SampleTest" time="0.022"/>
</testsuite>